1593446955680	mozrunner::runner	INFO	Running command: "C:\\Program Files\\Mozilla Firefox\\firefox.exe" "-marionette" "-foreground" "-no-remote" "-profile" "C:\\Users\\Ludo\\AppData\\Local\\Temp\\rust_mozprofilezK62Qz"
JavaScript error: resource://gre/modules/XULStore.jsm, line 66: Error: Can't find profile directory.
1593446960783	Marionette	INFO	Listening on port 61764
1593446961063	Marionette	WARN	TLS certificate errors will be ignored for this session
1593446962566	Marionette	INFO	Stopped listening on port 61764

###!!! [Child][RunMessage] Error: Channel closing: too late to send/recv, messages will be lost


###!!! [Child][MessageChannel::SendAndWait] Error: Channel error: cannot send/recv

1593447099816	mozrunner::runner	INFO	Running command: "C:\\Program Files\\Mozilla Firefox\\firefox.exe" "-marionette" "-foreground" "-no-remote" "-profile" "C:\\Users\\Ludo\\AppData\\Local\\Temp\\rust_mozprofile0DQzp7"
JavaScript error: resource://gre/modules/XULStore.jsm, line 66: Error: Can't find profile directory.
1593447102297	Marionette	INFO	Listening on port 61881
1593447102435	Marionette	WARN	TLS certificate errors will be ignored for this session
1593447103888	Marionette	INFO	Stopped listening on port 61881
JavaScript error: resource://activity-stream/lib/ActivityStreamPrefs.jsm, line 27: NS_ERROR_ILLEGAL_VALUE: Component returned failure code: 0x80070057 (NS_ERROR_ILLEGAL_VALUE) [nsIPrefBranch.removeObserver]
JavaScript error: resource://services-settings/RemoteSettingsClient.jsm, line 115: Error: Unknown callback
[Parent 9632, Gecko_IOThread] WARNING: file /builds/worker/checkouts/gecko/ipc/chromium/src/base/process_util_win.cc, line 166

###!!! [Child][RunMessage] Error: Channel closing: too late to send/recv, messages will be lost


###!!! [Child][MessageChannel::SendAndWait] Error: Channel error: cannot send/recv

1593447361410	mozrunner::runner	INFO	Running command: "C:\\Program Files\\Mozilla Firefox\\firefox.exe" "-marionette" "-foreground" "-no-remote" "-profile" "C:\\Users\\Ludo\\AppData\\Local\\Temp\\rust_mozprofile17WIoE"
JavaScript error: resource://gre/modules/XULStore.jsm, line 66: Error: Can't find profile directory.
1593447363779	Marionette	INFO	Listening on port 62141
1593447364035	Marionette	WARN	TLS certificate errors will be ignored for this session
1593447370250	Marionette	INFO	Stopped listening on port 62141

###!!! [Child][RunMessage] Error: Channel closing: too late to send/recv, messages will be lost


###!!! [Child][MessageChannel::SendAndWait] Error: Channel error: cannot send/recv

1593447395985	mozrunner::runner	INFO	Running command: "C:\\Program Files\\Mozilla Firefox\\firefox.exe" "-marionette" "-foreground" "-no-remote" "-profile" "C:\\Users\\Ludo\\AppData\\Local\\Temp\\rust_mozprofileiNnBNX"
JavaScript error: resource://gre/modules/XULStore.jsm, line 66: Error: Can't find profile directory.
1593447398361	Marionette	INFO	Listening on port 62199
1593447398614	Marionette	WARN	TLS certificate errors will be ignored for this session
1593447400024	Marionette	INFO	Stopped listening on port 62199
JavaScript error: resource://activity-stream/lib/ActivityStreamPrefs.jsm, line 27: NS_ERROR_ILLEGAL_VALUE: Component returned failure code: 0x80070057 (NS_ERROR_ILLEGAL_VALUE) [nsIPrefBranch.removeObserver]
JavaScript error: resource://services-settings/RemoteSettingsClient.jsm, line 115: Error: Unknown callback
JavaScript error: resource://gre/modules/Sqlite.jsm, line 921: Error: Connection is not open.
JavaScript error: resource://gre/modules/NewTabUtils.jsm, line 686: NS_ERROR_UNEXPECTED: Component returned failure code: 0x8000ffff (NS_ERROR_UNEXPECTED) [nsINavHistoryService.asyncExecuteLegacyQuery]

###!!! [Child][RunMessage] Error: Channel closing: too late to send/recv, messages will be lost


###!!! [Child][MessageChannel::SendAndWait] Error: Channel error: cannot send/recv

1593449258396	mozrunner::runner	INFO	Running command: "C:\\Program Files\\Mozilla Firefox\\firefox.exe" "-marionette" "-foreground" "-no-remote" "-profile" "C:\\Users\\Ludo\\AppData\\Local\\Temp\\rust_mozprofilexsaTLw"
JavaScript error: resource://gre/modules/XULStore.jsm, line 66: Error: Can't find profile directory.
1593449261266	Marionette	INFO	Listening on port 63400
1593449261527	Marionette	WARN	TLS certificate errors will be ignored for this session
1593449267614	Marionette	INFO	Stopped listening on port 63400

###!!! [Child][RunMessage] Error: Channel closing: too late to send/recv, messages will be lost


###!!! [Child][MessageChannel::SendAndWait] Error: Channel error: cannot send/recv

1593449298217	mozrunner::runner	INFO	Running command: "C:\\Program Files\\Mozilla Firefox\\firefox.exe" "-marionette" "-foreground" "-no-remote" "-profile" "C:\\Users\\Ludo\\AppData\\Local\\Temp\\rust_mozprofileN9dJ5v"
JavaScript error: resource://gre/modules/XULStore.jsm, line 66: Error: Can't find profile directory.
1593449300747	Marionette	INFO	Listening on port 63462
1593449300831	Marionette	WARN	TLS certificate errors will be ignored for this session
1593449302237	Marionette	INFO	Stopped listening on port 63462
JavaScript error: resource://activity-stream/lib/ActivityStreamPrefs.jsm, line 27: NS_ERROR_ILLEGAL_VALUE: Component returned failure code: 0x80070057 (NS_ERROR_ILLEGAL_VALUE) [nsIPrefBranch.removeObserver]
JavaScript error: resource://services-settings/RemoteSettingsClient.jsm, line 115: Error: Unknown callback

###!!! [Child][RunMessage] Error: Channel closing: too late to send/recv, messages will be lost


###!!! [Child][MessageChannel::SendAndWait] Error: Channel error: cannot send/recv

1593450065409	mozrunner::runner	INFO	Running command: "C:\\Program Files\\Mozilla Firefox\\firefox.exe" "-marionette" "-foreground" "-no-remote" "-profile" "C:\\Users\\Ludo\\AppData\\Local\\Temp\\rust_mozprofilelVz7eV"
JavaScript error: resource://gre/modules/XULStore.jsm, line 66: Error: Can't find profile directory.
1593450068073	Marionette	INFO	Listening on port 63967
1593450068520	Marionette	WARN	TLS certificate errors will be ignored for this session
1593450070153	Marionette	INFO	Stopped listening on port 63967
console.warn: services.settings: main/cfr-fxa sync interrupted by shutdown

###!!! [Child][RunMessage] Error: Channel closing: too late to send/recv, messages will be lost


###!!! [Child][MessageChannel::SendAndWait] Error: Channel error: cannot send/recv

1593450129419	mozrunner::runner	INFO	Running command: "C:\\Program Files\\Mozilla Firefox\\firefox.exe" "-marionette" "-foreground" "-no-remote" "-profile" "C:\\Users\\Ludo\\AppData\\Local\\Temp\\rust_mozprofilelpHhbC"
JavaScript error: resource://gre/modules/XULStore.jsm, line 66: Error: Can't find profile directory.
1593450132078	Marionette	INFO	Listening on port 64041
1593450132542	Marionette	WARN	TLS certificate errors will be ignored for this session
1593450133881	Marionette	INFO	Stopped listening on port 64041
JavaScript error: resource://activity-stream/lib/ActivityStreamPrefs.jsm, line 27: NS_ERROR_ILLEGAL_VALUE: Component returned failure code: 0x80070057 (NS_ERROR_ILLEGAL_VALUE) [nsIPrefBranch.removeObserver]
JavaScript error: resource://services-settings/RemoteSettingsClient.jsm, line 115: Error: Unknown callback

###!!! [Child][RunMessage] Error: Channel closing: too late to send/recv, messages will be lost


###!!! [Child][MessageChannel::SendAndWait] Error: Channel error: cannot send/recv

1593450175592	mozrunner::runner	INFO	Running command: "C:\\Program Files\\Mozilla Firefox\\firefox.exe" "-marionette" "-foreground" "-no-remote" "-profile" "C:\\Users\\Ludo\\AppData\\Local\\Temp\\rust_mozprofilefEd2uU"
JavaScript error: resource://gre/modules/XULStore.jsm, line 66: Error: Can't find profile directory.
1593450178388	Marionette	INFO	Listening on port 64141
1593450178717	Marionette	WARN	TLS certificate errors will be ignored for this session
1593450180313	Marionette	INFO	Stopped listening on port 64141
JavaScript error: resource://activity-stream/lib/ActivityStreamPrefs.jsm, line 27: NS_ERROR_ILLEGAL_VALUE: Component returned failure code: 0x80070057 (NS_ERROR_ILLEGAL_VALUE) [nsIPrefBranch.removeObserver]
JavaScript error: resource://services-settings/RemoteSettingsClient.jsm, line 115: Error: Unknown callback

###!!! [Child][RunMessage] Error: Channel closing: too late to send/recv, messages will be lost


###!!! [Child][MessageChannel::SendAndWait] Error: Channel error: cannot send/recv

1593450650354	mozrunner::runner	INFO	Running command: "C:\\Program Files\\Mozilla Firefox\\firefox.exe" "-marionette" "-foreground" "-no-remote" "-profile" "C:\\Users\\Ludo\\AppData\\Local\\Temp\\rust_mozprofileb17EBe"
JavaScript error: resource://gre/modules/XULStore.jsm, line 66: Error: Can't find profile directory.
1593450652963	Marionette	INFO	Listening on port 64486
1593450652965	Marionette	WARN	TLS certificate errors will be ignored for this session
1593450655503	Marionette	INFO	Stopped listening on port 64486

###!!! [Child][RunMessage] Error: Channel closing: too late to send/recv, messages will be lost


###!!! [Child][MessageChannel::SendAndWait] Error: Channel error: cannot send/recv

1593452385638	mozrunner::runner	INFO	Running command: "C:\\Program Files\\Mozilla Firefox\\firefox.exe" "-marionette" "-foreground" "-no-remote" "-profile" "C:\\Users\\Ludo\\AppData\\Local\\Temp\\rust_mozprofilePe4Qms"
JavaScript error: resource://gre/modules/XULStore.jsm, line 66: Error: Can't find profile directory.
1593452388275	Marionette	INFO	Listening on port 49954
1593452388753	Marionette	WARN	TLS certificate errors will be ignored for this session
1593452401319	Marionette	INFO	Stopped listening on port 49954

###!!! [Child][RunMessage] Error: Channel closing: too late to send/recv, messages will be lost


###!!! [Child][MessageChannel::SendAndWait] Error: Channel error: cannot send/recv

1593452472980	mozrunner::runner	INFO	Running command: "C:\\Program Files\\Mozilla Firefox\\firefox.exe" "-marionette" "-foreground" "-no-remote" "-profile" "C:\\Users\\Ludo\\AppData\\Local\\Temp\\rust_mozprofileK6iZ8B"
JavaScript error: resource://gre/modules/XULStore.jsm, line 66: Error: Can't find profile directory.
1593452475574	Marionette	INFO	Listening on port 50061
1593452475601	Marionette	WARN	TLS certificate errors will be ignored for this session
1593452478137	Marionette	INFO	Stopped listening on port 50061
JavaScript error: resource://services-settings/RemoteSettingsClient.jsm, line 115: Error: Unknown callback
JavaScript error: resource://gre/modules/UrlClassifierListManager.jsm, line 691: TypeError: this.tablesData[table] is undefined

###!!! [Child][MessageChannel::SendAndWait] Error: Channel error: cannot send/recv

1593512193347	mozrunner::runner	INFO	Running command: "C:\\Program Files\\Mozilla Firefox\\firefox.exe" "-marionette" "-foreground" "-no-remote" "-profile" "C:\\Users\\Ludo\\AppData\\Local\\Temp\\rust_mozprofileJncGaA"
JavaScript error: resource://gre/modules/XULStore.jsm, line 66: Error: Can't find profile directory.
1593512196051	Marionette	INFO	Listening on port 54262
1593512196464	Marionette	WARN	TLS certificate errors will be ignored for this session
1593512199077	Marionette	INFO	Stopped listening on port 54262
JavaScript error: resource://gre/modules/UrlClassifierListManager.jsm, line 691: TypeError: this.tablesData[table] is undefined

###!!! [Child][RunMessage] Error: Channel closing: too late to send/recv, messages will be lost


###!!! [Child][MessageChannel::SendAndWait] Error: Channel error: cannot send/recv

1593514692134	mozrunner::runner	INFO	Running command: "C:\\Program Files\\Mozilla Firefox\\firefox.exe" "-marionette" "-foreground" "-no-remote" "-profile" "C:\\Users\\Ludo\\AppData\\Local\\Temp\\rust_mozprofilef96ZZG"
JavaScript error: resource://gre/modules/XULStore.jsm, line 66: Error: Can't find profile directory.
1593514694930	Marionette	INFO	Listening on port 55752
1593514695249	Marionette	WARN	TLS certificate errors will be ignored for this session
1593514698397	Marionette	INFO	Stopped listening on port 55752
JavaScript error: resource://gre/modules/UrlClassifierListManager.jsm, line 691: TypeError: this.tablesData[table] is undefined

###!!! [Child][RunMessage] Error: Channel closing: too late to send/recv, messages will be lost


###!!! [Child][MessageChannel::SendAndWait] Error: Channel error: cannot send/recv

1593514933697	mozrunner::runner	INFO	Running command: "C:\\Program Files\\Mozilla Firefox\\firefox.exe" "-marionette" "-foreground" "-no-remote" "-profile" "C:\\Users\\Ludo\\AppData\\Local\\Temp\\rust_mozprofileA4KatY"
JavaScript error: resource://gre/modules/XULStore.jsm, line 66: Error: Can't find profile directory.
1593514936029	Marionette	INFO	Listening on port 56045
1593514936332	Marionette	WARN	TLS certificate errors will be ignored for this session
1593514937734	Marionette	INFO	Stopped listening on port 56045
JavaScript error: resource://activity-stream/lib/ActivityStreamPrefs.jsm, line 27: NS_ERROR_ILLEGAL_VALUE: Component returned failure code: 0x80070057 (NS_ERROR_ILLEGAL_VALUE) [nsIPrefBranch.removeObserver]
JavaScript error: resource://services-settings/RemoteSettingsClient.jsm, line 115: Error: Unknown callback

###!!! [Child][RunMessage] Error: Channel closing: too late to send/recv, messages will be lost


###!!! [Child][MessageChannel::SendAndWait] Error: Channel error: cannot send/recv

1593515089615	mozrunner::runner	INFO	Running command: "C:\\Program Files\\Mozilla Firefox\\firefox.exe" "-marionette" "-foreground" "-no-remote" "-profile" "C:\\Users\\Ludo\\AppData\\Local\\Temp\\rust_mozprofilevI5BhQ"
JavaScript error: resource://gre/modules/XULStore.jsm, line 66: Error: Can't find profile directory.
1593515092058	Marionette	INFO	Listening on port 56252
1593515092234	Marionette	WARN	TLS certificate errors will be ignored for this session
1593515098419	Marionette	INFO	Stopped listening on port 56252

###!!! [Child][RunMessage] Error: Channel closing: too late to send/recv, messages will be lost


###!!! [Child][MessageChannel::SendAndWait] Error: Channel error: cannot send/recv

1593515190093	mozrunner::runner	INFO	Running command: "C:\\Program Files\\Mozilla Firefox\\firefox.exe" "-marionette" "-foreground" "-no-remote" "-profile" "C:\\Users\\Ludo\\AppData\\Local\\Temp\\rust_mozprofileXpFMj2"
JavaScript error: resource://gre/modules/XULStore.jsm, line 66: Error: Can't find profile directory.
1593515192693	Marionette	INFO	Listening on port 56412
1593515192782	Marionette	WARN	TLS certificate errors will be ignored for this session
1593515195926	Marionette	INFO	Stopped listening on port 56412
JavaScript error: resource://gre/modules/UrlClassifierListManager.jsm, line 691: TypeError: this.tablesData[table] is undefined

###!!! [Child][RunMessage] Error: Channel closing: too late to send/recv, messages will be lost


###!!! [Child][MessageChannel::SendAndWait] Error: Channel error: cannot send/recv

1593515443721	mozrunner::runner	INFO	Running command: "C:\\Program Files\\Mozilla Firefox\\firefox.exe" "-marionette" "-foreground" "-no-remote" "-profile" "C:\\Users\\Ludo\\AppData\\Local\\Temp\\rust_mozprofileWjeeKy"
JavaScript error: resource://gre/modules/XULStore.jsm, line 66: Error: Can't find profile directory.
1593515446212	Marionette	INFO	Listening on port 56642
1593515446335	Marionette	WARN	TLS certificate errors will be ignored for this session
1593515448546	Marionette	INFO	Stopped listening on port 56642
JavaScript error: resource://services-settings/RemoteSettingsClient.jsm, line 115: Error: Unknown callback

###!!! [Child][RunMessage] Error: Channel closing: too late to send/recv, messages will be lost


###!!! [Child][MessageChannel::SendAndWait] Error: Channel error: cannot send/recv

1593515454769	mozrunner::runner	INFO	Running command: "C:\\Program Files\\Mozilla Firefox\\firefox.exe" "-marionette" "-foreground" "-no-remote" "-profile" "C:\\Users\\Ludo\\AppData\\Local\\Temp\\rust_mozprofileUSm6Vq"
JavaScript error: resource://gre/modules/XULStore.jsm, line 66: Error: Can't find profile directory.
1593515457243	Marionette	INFO	Listening on port 56696
1593515457400	Marionette	WARN	TLS certificate errors will be ignored for this session
1593515459751	Marionette	INFO	Stopped listening on port 56696
JavaScript error: resource://gre/modules/UrlClassifierListManager.jsm, line 691: TypeError: this.tablesData[table] is undefined

###!!! [Child][RunMessage] Error: Channel closing: too late to send/recv, messages will be lost


###!!! [Child][MessageChannel::SendAndWait] Error: Channel error: cannot send/recv

1593515623053	mozrunner::runner	INFO	Running command: "C:\\Program Files\\Mozilla Firefox\\firefox.exe" "-marionette" "-foreground" "-no-remote" "-profile" "C:\\Users\\Ludo\\AppData\\Local\\Temp\\rust_mozprofileq4Ilbi"
JavaScript error: resource://gre/modules/XULStore.jsm, line 66: Error: Can't find profile directory.
1593515625508	Marionette	INFO	Listening on port 56896
1593515625672	Marionette	WARN	TLS certificate errors will be ignored for this session
1593515627764	Marionette	INFO	Stopped listening on port 56896
JavaScript error: resource://services-settings/RemoteSettingsClient.jsm, line 115: Error: Unknown callback
JavaScript error: resource://gre/modules/UrlClassifierListManager.jsm, line 691: TypeError: this.tablesData[table] is undefined

###!!! [Child][RunMessage] Error: Channel closing: too late to send/recv, messages will be lost


###!!! [Child][MessageChannel::SendAndWait] Error: Channel error: cannot send/recv

1593515634181	mozrunner::runner	INFO	Running command: "C:\\Program Files\\Mozilla Firefox\\firefox.exe" "-marionette" "-foreground" "-no-remote" "-profile" "C:\\Users\\Ludo\\AppData\\Local\\Temp\\rust_mozprofileenEmfq"
JavaScript error: resource://gre/modules/XULStore.jsm, line 66: Error: Can't find profile directory.
1593515636873	Marionette	INFO	Listening on port 56950
1593515637303	Marionette	WARN	TLS certificate errors will be ignored for this session
1593515640086	Marionette	INFO	Stopped listening on port 56950
JavaScript error: resource://gre/modules/UrlClassifierListManager.jsm, line 691: TypeError: this.tablesData[table] is undefined

###!!! [Child][RunMessage] Error: Channel closing: too late to send/recv, messages will be lost


###!!! [Child][MessageChannel::SendAndWait] Error: Channel error: cannot send/recv

1593599451155	mozrunner::runner	INFO	Running command: "C:\\Program Files\\Mozilla Firefox\\firefox.exe" "-marionette" "-foreground" "-no-remote" "-profile" "C:\\Users\\Ludo\\AppData\\Local\\Temp\\rust_mozprofileRpCHAN"
JavaScript error: resource://gre/modules/XULStore.jsm, line 66: Error: Can't find profile directory.
1593599460714	Marionette	INFO	Listening on port 56725
1593599462351	Marionette	WARN	TLS certificate errors will be ignored for this session
1593599468925	Marionette	INFO	Stopped listening on port 56725

###!!! [Child][RunMessage] Error: Channel closing: too late to send/recv, messages will be lost


###!!! [Child][MessageChannel::SendAndWait] Error: Channel error: cannot send/recv

1593599474917	mozrunner::runner	INFO	Running command: "C:\\Program Files\\Mozilla Firefox\\firefox.exe" "-marionette" "-foreground" "-no-remote" "-profile" "C:\\Users\\Ludo\\AppData\\Local\\Temp\\rust_mozprofileoBt4hB"
JavaScript error: resource://gre/modules/XULStore.jsm, line 66: Error: Can't find profile directory.
1593599477766	Marionette	INFO	Listening on port 56783
1593599478097	Marionette	WARN	TLS certificate errors will be ignored for this session
1593599484350	Marionette	INFO	Stopped listening on port 56783

###!!! [Child][RunMessage] Error: Channel closing: too late to send/recv, messages will be lost


###!!! [Child][MessageChannel::SendAndWait] Error: Channel error: cannot send/recv

1593599491527	mozrunner::runner	INFO	Running command: "C:\\Program Files\\Mozilla Firefox\\firefox.exe" "-marionette" "-foreground" "-no-remote" "-profile" "C:\\Users\\Ludo\\AppData\\Local\\Temp\\rust_mozprofile7jaSEU"
JavaScript error: resource://gre/modules/XULStore.jsm, line 66: Error: Can't find profile directory.
1593599494406	Marionette	INFO	Listening on port 56835
1593599494667	Marionette	WARN	TLS certificate errors will be ignored for this session
1593599500829	Marionette	INFO	Stopped listening on port 56835

###!!! [Child][RunMessage] Error: Channel closing: too late to send/recv, messages will be lost


###!!! [Child][MessageChannel::SendAndWait] Error: Channel error: cannot send/recv

1593599536787	mozrunner::runner	INFO	Running command: "C:\\Program Files\\Mozilla Firefox\\firefox.exe" "-marionette" "-foreground" "-no-remote" "-profile" "C:\\Users\\Ludo\\AppData\\Local\\Temp\\rust_mozprofileRj6Gqo"
JavaScript error: resource://gre/modules/XULStore.jsm, line 66: Error: Can't find profile directory.
1593599539214	Marionette	INFO	Listening on port 56903
1593599539398	Marionette	WARN	TLS certificate errors will be ignored for this session
1593599559148	Marionette	INFO	Stopped listening on port 56903

###!!! [Child][RunMessage] Error: Channel closing: too late to send/recv, messages will be lost


###!!! [Child][MessageChannel::SendAndWait] Error: Channel error: cannot send/recv

1593599564341	mozrunner::runner	INFO	Running command: "C:\\Program Files\\Mozilla Firefox\\firefox.exe" "-marionette" "-foreground" "-no-remote" "-profile" "C:\\Users\\Ludo\\AppData\\Local\\Temp\\rust_mozprofileAS32Zw"
JavaScript error: resource://gre/modules/XULStore.jsm, line 66: Error: Can't find profile directory.
1593599566750	Marionette	INFO	Listening on port 56967
1593599566956	Marionette	WARN	TLS certificate errors will be ignored for this session
1593599568627	Marionette	INFO	Stopped listening on port 56967
JavaScript error: resource://activity-stream/lib/ActivityStreamPrefs.jsm, line 27: NS_ERROR_ILLEGAL_VALUE: Component returned failure code: 0x80070057 (NS_ERROR_ILLEGAL_VALUE) [nsIPrefBranch.removeObserver]
JavaScript error: resource://services-settings/RemoteSettingsClient.jsm, line 115: Error: Unknown callback

###!!! [Child][RunMessage] Error: Channel closing: too late to send/recv, messages will be lost


###!!! [Child][MessageChannel::SendAndWait] Error: Channel error: cannot send/recv

1593599574670	mozrunner::runner	INFO	Running command: "C:\\Program Files\\Mozilla Firefox\\firefox.exe" "-marionette" "-foreground" "-no-remote" "-profile" "C:\\Users\\Ludo\\AppData\\Local\\Temp\\rust_mozprofilev0h3Yc"
JavaScript error: resource://gre/modules/XULStore.jsm, line 66: Error: Can't find profile directory.
1593599577132	Marionette	INFO	Listening on port 57009
1593599577286	Marionette	WARN	TLS certificate errors will be ignored for this session
1593599579232	Marionette	INFO	Stopped listening on port 57009
JavaScript error: resource://activity-stream/lib/ActivityStreamPrefs.jsm, line 27: NS_ERROR_ILLEGAL_VALUE: Component returned failure code: 0x80070057 (NS_ERROR_ILLEGAL_VALUE) [nsIPrefBranch.removeObserver]
JavaScript error: resource://services-settings/RemoteSettingsClient.jsm, line 115: Error: Unknown callback

###!!! [Child][RunMessage] Error: Channel closing: too late to send/recv, messages will be lost


###!!! [Child][MessageChannel::SendAndWait] Error: Channel error: cannot send/recv

1593599792950	mozrunner::runner	INFO	Running command: "C:\\Program Files\\Mozilla Firefox\\firefox.exe" "-marionette" "-foreground" "-no-remote" "-profile" "C:\\Users\\Ludo\\AppData\\Local\\Temp\\rust_mozprofiledeI5cr"
JavaScript error: resource://gre/modules/XULStore.jsm, line 66: Error: Can't find profile directory.
1593599795673	Marionette	INFO	Listening on port 57342
1593599796083	Marionette	WARN	TLS certificate errors will be ignored for this session
1593599798267	Marionette	INFO	Stopped listening on port 57342
JavaScript error: resource://gre/modules/UrlClassifierListManager.jsm, line 691: TypeError: this.tablesData[table] is undefined

###!!! [Child][MessageChannel::SendAndWait] Error: Channel error: cannot send/recv

1593599804279	mozrunner::runner	INFO	Running command: "C:\\Program Files\\Mozilla Firefox\\firefox.exe" "-marionette" "-foreground" "-no-remote" "-profile" "C:\\Users\\Ludo\\AppData\\Local\\Temp\\rust_mozprofileKWp09W"
JavaScript error: resource://gre/modules/XULStore.jsm, line 66: Error: Can't find profile directory.
1593599806888	Marionette	INFO	Listening on port 57397
1593599806905	Marionette	WARN	TLS certificate errors will be ignored for this session
1593599809904	Marionette	INFO	Stopped listening on port 57397
JavaScript error: resource://gre/modules/UrlClassifierListManager.jsm, line 691: TypeError: this.tablesData[table] is undefined

###!!! [Child][RunMessage] Error: Channel closing: too late to send/recv, messages will be lost


###!!! [Child][MessageChannel::SendAndWait] Error: Channel error: cannot send/recv

1593599816939	mozrunner::runner	INFO	Running command: "C:\\Program Files\\Mozilla Firefox\\firefox.exe" "-marionette" "-foreground" "-no-remote" "-profile" "C:\\Users\\Ludo\\AppData\\Local\\Temp\\rust_mozprofileCy29Ts"
JavaScript error: resource://gre/modules/XULStore.jsm, line 66: Error: Can't find profile directory.
1593599819395	Marionette	INFO	Listening on port 57458
1593599819549	Marionette	WARN	TLS certificate errors will be ignored for this session
1593599821734	Marionette	INFO	Stopped listening on port 57458
JavaScript error: resource://services-settings/RemoteSettingsClient.jsm, line 115: Error: Unknown callback

###!!! [Child][MessageChannel::SendAndWait] Error: Channel error: cannot send/recv

1593607589672	mozrunner::runner	INFO	Running command: "C:\\Program Files\\Mozilla Firefox\\firefox.exe" "-marionette" "-foreground" "-no-remote" "-profile" "C:\\Users\\Ludo\\AppData\\Local\\Temp\\rust_mozprofilempG85Q"
JavaScript error: resource://gre/modules/XULStore.jsm, line 66: Error: Can't find profile directory.
1593607592328	Marionette	INFO	Listening on port 62844
1593607592789	Marionette	WARN	TLS certificate errors will be ignored for this session
1593607595108	Marionette	INFO	Stopped listening on port 62844
JavaScript error: resource://services-settings/RemoteSettingsClient.jsm, line 115: Error: Unknown callback
JavaScript error: resource://gre/modules/UrlClassifierListManager.jsm, line 691: TypeError: this.tablesData[table] is undefined

###!!! [Child][RunMessage] Error: Channel closing: too late to send/recv, messages will be lost


###!!! [Child][MessageChannel::SendAndWait] Error: Channel error: cannot send/recv

1593607601386	mozrunner::runner	INFO	Running command: "C:\\Program Files\\Mozilla Firefox\\firefox.exe" "-marionette" "-foreground" "-no-remote" "-profile" "C:\\Users\\Ludo\\AppData\\Local\\Temp\\rust_mozprofileLNdbtq"
JavaScript error: resource://gre/modules/XULStore.jsm, line 66: Error: Can't find profile directory.
1593607604021	Marionette	INFO	Listening on port 62900
1593607604514	Marionette	WARN	TLS certificate errors will be ignored for this session
1593607607084	Marionette	INFO	Stopped listening on port 62900
JavaScript error: resource://gre/modules/UrlClassifierListManager.jsm, line 691: TypeError: this.tablesData[table] is undefined

###!!! [Child][RunMessage] Error: Channel closing: too late to send/recv, messages will be lost


###!!! [Child][MessageChannel::SendAndWait] Error: Channel error: cannot send/recv

1593607614058	mozrunner::runner	INFO	Running command: "C:\\Program Files\\Mozilla Firefox\\firefox.exe" "-marionette" "-foreground" "-no-remote" "-profile" "C:\\Users\\Ludo\\AppData\\Local\\Temp\\rust_mozprofilecMPfme"
JavaScript error: resource://gre/modules/XULStore.jsm, line 66: Error: Can't find profile directory.
1593607616920	Marionette	INFO	Listening on port 62956
1593607617194	Marionette	WARN	TLS certificate errors will be ignored for this session
1593607620044	Marionette	INFO	Stopped listening on port 62956
JavaScript error: resource://services-settings/RemoteSettingsClient.jsm, line 115: Error: Unknown callback
JavaScript error: resource://gre/modules/UrlClassifierListManager.jsm, line 691: TypeError: this.tablesData[table] is undefined

###!!! [Child][RunMessage] Error: Channel closing: too late to send/recv, messages will be lost


###!!! [Child][MessageChannel::SendAndWait] Error: Channel error: cannot send/recv

1593607626258	mozrunner::runner	INFO	Running command: "C:\\Program Files\\Mozilla Firefox\\firefox.exe" "-marionette" "-foreground" "-no-remote" "-profile" "C:\\Users\\Ludo\\AppData\\Local\\Temp\\rust_mozprofilefMit21"
JavaScript error: resource://gre/modules/XULStore.jsm, line 66: Error: Can't find profile directory.
1593607628780	Marionette	INFO	Listening on port 63015
1593607628887	Marionette	WARN	TLS certificate errors will be ignored for this session
1593607631019	Marionette	INFO	Stopped listening on port 63015
JavaScript error: resource://gre/modules/UrlClassifierListManager.jsm, line 691: TypeError: this.tablesData[table] is undefined

###!!! [Child][RunMessage] Error: Channel closing: too late to send/recv, messages will be lost


###!!! [Child][MessageChannel::SendAndWait] Error: Channel error: cannot send/recv

1593607681652	mozrunner::runner	INFO	Running command: "C:\\Program Files\\Mozilla Firefox\\firefox.exe" "-marionette" "-foreground" "-no-remote" "-profile" "C:\\Users\\Ludo\\AppData\\Local\\Temp\\rust_mozprofilekvBf2F"
JavaScript error: resource://gre/modules/XULStore.jsm, line 66: Error: Can't find profile directory.
1593607684220	Marionette	INFO	Listening on port 63112
1593607684281	Marionette	WARN	TLS certificate errors will be ignored for this session
1593607696638	Marionette	INFO	Stopped listening on port 63112

###!!! [Child][RunMessage] Error: Channel closing: too late to send/recv, messages will be lost


###!!! [Child][MessageChannel::SendAndWait] Error: Channel error: cannot send/recv

1593607702046	mozrunner::runner	INFO	Running command: "C:\\Program Files\\Mozilla Firefox\\firefox.exe" "-marionette" "-foreground" "-no-remote" "-profile" "C:\\Users\\Ludo\\AppData\\Local\\Temp\\rust_mozprofile5wG3FX"
JavaScript error: resource://gre/modules/XULStore.jsm, line 66: Error: Can't find profile directory.
1593607704643	Marionette	INFO	Listening on port 63184
1593607704675	Marionette	WARN	TLS certificate errors will be ignored for this session
1593607706728	Marionette	INFO	Stopped listening on port 63184
JavaScript error: resource://services-settings/RemoteSettingsClient.jsm, line 115: Error: Unknown callback

###!!! [Child][MessageChannel::SendAndWait] Error: Channel error: cannot send/recv

1593607712633	mozrunner::runner	INFO	Running command: "C:\\Program Files\\Mozilla Firefox\\firefox.exe" "-marionette" "-foreground" "-no-remote" "-profile" "C:\\Users\\Ludo\\AppData\\Local\\Temp\\rust_mozprofileFPhTeS"
JavaScript error: resource://gre/modules/XULStore.jsm, line 66: Error: Can't find profile directory.
1593607715771	Marionette	INFO	Listening on port 63236
1593607716243	Marionette	WARN	TLS certificate errors will be ignored for this session
1593607718604	Marionette	INFO	Stopped listening on port 63236
JavaScript error: resource://services-settings/RemoteSettingsClient.jsm, line 115: Error: Unknown callback
JavaScript error: resource://gre/modules/UrlClassifierListManager.jsm, line 691: TypeError: this.tablesData[table] is undefined

###!!! [Child][RunMessage] Error: Channel closing: too late to send/recv, messages will be lost


###!!! [Child][MessageChannel::SendAndWait] Error: Channel error: cannot send/recv

1593607725662	mozrunner::runner	INFO	Running command: "C:\\Program Files\\Mozilla Firefox\\firefox.exe" "-marionette" "-foreground" "-no-remote" "-profile" "C:\\Users\\Ludo\\AppData\\Local\\Temp\\rust_mozprofileU0kBzl"
JavaScript error: resource://gre/modules/XULStore.jsm, line 66: Error: Can't find profile directory.
1593607728041	Marionette	INFO	Listening on port 63293
1593607728281	Marionette	WARN	TLS certificate errors will be ignored for this session
1593607730339	Marionette	INFO	Stopped listening on port 63293
JavaScript error: resource://services-settings/RemoteSettingsClient.jsm, line 115: Error: Unknown callback

###!!! [Child][RunMessage] Error: Channel closing: too late to send/recv, messages will be lost


###!!! [Child][MessageChannel::SendAndWait] Error: Channel error: cannot send/recv

1593607748893	mozrunner::runner	INFO	Running command: "C:\\Program Files\\Mozilla Firefox\\firefox.exe" "-marionette" "-foreground" "-no-remote" "-profile" "C:\\Users\\Ludo\\AppData\\Local\\Temp\\rust_mozprofilepi9Ffs"
JavaScript error: resource://gre/modules/XULStore.jsm, line 66: Error: Can't find profile directory.
1593607751243	Marionette	INFO	Listening on port 63356
1593607751538	Marionette	WARN	TLS certificate errors will be ignored for this session
1593607763867	Marionette	INFO	Stopped listening on port 63356

###!!! [Child][RunMessage] Error: Channel closing: too late to send/recv, messages will be lost


###!!! [Child][MessageChannel::SendAndWait] Error: Channel error: cannot send/recv

1593607769498	mozrunner::runner	INFO	Running command: "C:\\Program Files\\Mozilla Firefox\\firefox.exe" "-marionette" "-foreground" "-no-remote" "-profile" "C:\\Users\\Ludo\\AppData\\Local\\Temp\\rust_mozprofileMcfmmo"
JavaScript error: resource://gre/modules/XULStore.jsm, line 66: Error: Can't find profile directory.
1593607771894	Marionette	INFO	Listening on port 63416
1593607772120	Marionette	WARN	TLS certificate errors will be ignored for this session
1593607774188	Marionette	INFO	Stopped listening on port 63416
JavaScript error: resource://services-settings/RemoteSettingsClient.jsm, line 115: Error: Unknown callback

###!!! [Child][RunMessage] Error: Channel closing: too late to send/recv, messages will be lost


###!!! [Child][MessageChannel::SendAndWait] Error: Channel error: cannot send/recv

1593607780330	mozrunner::runner	INFO	Running command: "C:\\Program Files\\Mozilla Firefox\\firefox.exe" "-marionette" "-foreground" "-no-remote" "-profile" "C:\\Users\\Ludo\\AppData\\Local\\Temp\\rust_mozprofile751e6h"
JavaScript error: resource://gre/modules/XULStore.jsm, line 66: Error: Can't find profile directory.
1593607782827	Marionette	INFO	Listening on port 63470
1593607782944	Marionette	WARN	TLS certificate errors will be ignored for this session
1593607786241	Marionette	INFO	Stopped listening on port 63470
JavaScript error: resource://gre/modules/UrlClassifierListManager.jsm, line 691: TypeError: this.tablesData[table] is undefined

###!!! [Child][RunMessage] Error: Channel closing: too late to send/recv, messages will be lost


###!!! [Child][MessageChannel::SendAndWait] Error: Channel error: cannot send/recv

1593607791673	mozrunner::runner	INFO	Running command: "C:\\Program Files\\Mozilla Firefox\\firefox.exe" "-marionette" "-foreground" "-no-remote" "-profile" "C:\\Users\\Ludo\\AppData\\Local\\Temp\\rust_mozprofilevf4nIy"
JavaScript error: resource://gre/modules/XULStore.jsm, line 66: Error: Can't find profile directory.
1593607794343	Marionette	INFO	Listening on port 63524
1593607794803	Marionette	WARN	TLS certificate errors will be ignored for this session
1593607797224	Marionette	INFO	Stopped listening on port 63524
JavaScript error: resource://services-settings/RemoteSettingsClient.jsm, line 115: Error: Unknown callback
JavaScript error: resource://gre/modules/UrlClassifierListManager.jsm, line 691: TypeError: this.tablesData[table] is undefined

###!!! [Child][RunMessage] Error: Channel closing: too late to send/recv, messages will be lost


###!!! [Child][MessageChannel::SendAndWait] Error: Channel error: cannot send/recv

1593607917822	mozrunner::runner	INFO	Running command: "C:\\Program Files\\Mozilla Firefox\\firefox.exe" "-marionette" "-foreground" "-no-remote" "-profile" "C:\\Users\\Ludo\\AppData\\Local\\Temp\\rust_mozprofileKmrIct"
JavaScript error: resource://gre/modules/XULStore.jsm, line 66: Error: Can't find profile directory.
1593607937876	mozrunner::runner	INFO	Running command: "C:\\Program Files\\Mozilla Firefox\\firefox.exe" "-marionette" "-foreground" "-no-remote" "-profile" "C:\\Users\\Ludo\\AppData\\Local\\Temp\\rust_mozprofilekwfyig"
JavaScript error: resource://gre/modules/XULStore.jsm, line 66: Error: Can't find profile directory.
1593607940430	Marionette	INFO	Listening on port 63689
1593607940501	Marionette	WARN	TLS certificate errors will be ignored for this session
1593607952662	Marionette	INFO	Stopped listening on port 63689

###!!! [Child][RunMessage] Error: Channel closing: too late to send/recv, messages will be lost


###!!! [Child][MessageChannel::SendAndWait] Error: Channel error: cannot send/recv

1593607958076	mozrunner::runner	INFO	Running command: "C:\\Program Files\\Mozilla Firefox\\firefox.exe" "-marionette" "-foreground" "-no-remote" "-profile" "C:\\Users\\Ludo\\AppData\\Local\\Temp\\rust_mozprofilep1RGSb"
JavaScript error: resource://gre/modules/XULStore.jsm, line 66: Error: Can't find profile directory.
1593607960655	Marionette	INFO	Listening on port 63747
1593607960709	Marionette	WARN	TLS certificate errors will be ignored for this session
1593607962742	Marionette	INFO	Stopped listening on port 63747
[Parent 18044, Gecko_IOThread] WARNING: file /builds/worker/checkouts/gecko/ipc/chromium/src/base/process_util_win.cc, line 166

###!!! [Child][RunMessage] Error: Channel closing: too late to send/recv, messages will be lost


###!!! [Child][MessageChannel::SendAndWait] Error: Channel error: cannot send/recv

1593607968623	mozrunner::runner	INFO	Running command: "C:\\Program Files\\Mozilla Firefox\\firefox.exe" "-marionette" "-foreground" "-no-remote" "-profile" "C:\\Users\\Ludo\\AppData\\Local\\Temp\\rust_mozprofileACCVuM"
JavaScript error: resource://gre/modules/XULStore.jsm, line 66: Error: Can't find profile directory.
1593607971685	Marionette	INFO	Listening on port 63800
1593607971739	Marionette	WARN	TLS certificate errors will be ignored for this session
1593607975437	Marionette	INFO	Stopped listening on port 63800
JavaScript error: resource://services-settings/RemoteSettingsClient.jsm, line 115: Error: Unknown callback
JavaScript error: resource://gre/modules/UrlClassifierListManager.jsm, line 691: TypeError: this.tablesData[table] is undefined

###!!! [Child][RunMessage] Error: Channel closing: too late to send/recv, messages will be lost


###!!! [Child][MessageChannel::SendAndWait] Error: Channel error: cannot send/recv

1593607981445	mozrunner::runner	INFO	Running command: "C:\\Program Files\\Mozilla Firefox\\firefox.exe" "-marionette" "-foreground" "-no-remote" "-profile" "C:\\Users\\Ludo\\AppData\\Local\\Temp\\rust_mozprofilea2Pmcl"
JavaScript error: resource://gre/modules/XULStore.jsm, line 66: Error: Can't find profile directory.
1593607984088	Marionette	INFO	Listening on port 63854
1593607984561	Marionette	WARN	TLS certificate errors will be ignored for this session
1593607987048	Marionette	INFO	Stopped listening on port 63854
JavaScript error: resource://gre/modules/UrlClassifierListManager.jsm, line 691: TypeError: this.tablesData[table] is undefined

###!!! [Child][RunMessage] Error: Channel closing: too late to send/recv, messages will be lost


###!!! [Child][MessageChannel::SendAndWait] Error: Channel error: cannot send/recv

1593615724790	mozrunner::runner	INFO	Running command: "C:\\Program Files\\Mozilla Firefox\\firefox.exe" "-marionette" "-foreground" "-no-remote" "-profile" "C:\\Users\\Ludo\\AppData\\Local\\Temp\\rust_mozprofileV8aU6q"
JavaScript error: resource://gre/modules/XULStore.jsm, line 66: Error: Can't find profile directory.
1593615727613	Marionette	INFO	Listening on port 52924
1593615727909	Marionette	WARN	TLS certificate errors will be ignored for this session
1593615740679	Marionette	INFO	Stopped listening on port 52924

###!!! [Child][RunMessage] Error: Channel closing: too late to send/recv, messages will be lost


###!!! [Child][MessageChannel::SendAndWait] Error: Channel error: cannot send/recv

1593615746180	mozrunner::runner	INFO	Running command: "C:\\Program Files\\Mozilla Firefox\\firefox.exe" "-marionette" "-foreground" "-no-remote" "-profile" "C:\\Users\\Ludo\\AppData\\Local\\Temp\\rust_mozprofile5UmLZp"
JavaScript error: resource://gre/modules/XULStore.jsm, line 66: Error: Can't find profile directory.
1593615749383	Marionette	INFO	Listening on port 52985
1593615749795	Marionette	WARN	TLS certificate errors will be ignored for this session
1593615751438	Marionette	INFO	Stopped listening on port 52985
JavaScript error: resource://activity-stream/lib/ActivityStreamPrefs.jsm, line 27: NS_ERROR_ILLEGAL_VALUE: Component returned failure code: 0x80070057 (NS_ERROR_ILLEGAL_VALUE) [nsIPrefBranch.removeObserver]
JavaScript error: resource://services-settings/RemoteSettingsClient.jsm, line 115: Error: Unknown callback

###!!! [Child][RunMessage] Error: Channel closing: too late to send/recv, messages will be lost


###!!! [Child][MessageChannel::SendAndWait] Error: Channel error: cannot send/recv

1593615758531	mozrunner::runner	INFO	Running command: "C:\\Program Files\\Mozilla Firefox\\firefox.exe" "-marionette" "-foreground" "-no-remote" "-profile" "C:\\Users\\Ludo\\AppData\\Local\\Temp\\rust_mozprofileL3tIKa"
1593615772323	mozrunner::runner	INFO	Running command: "C:\\Program Files\\Mozilla Firefox\\firefox.exe" "-marionette" "-foreground" "-no-remote" "-profile" "C:\\Users\\Ludo\\AppData\\Local\\Temp\\rust_mozprofileYOCPTf"
JavaScript error: resource://gre/modules/XULStore.jsm, line 66: Error: Can't find profile directory.
1593615775072	Marionette	INFO	Listening on port 53050
1593615775446	Marionette	WARN	TLS certificate errors will be ignored for this session
1593615787651	Marionette	INFO	Stopped listening on port 53050

###!!! [Child][RunMessage] Error: Channel closing: too late to send/recv, messages will be lost


###!!! [Child][MessageChannel::SendAndWait] Error: Channel error: cannot send/recv

1593615793717	mozrunner::runner	INFO	Running command: "C:\\Program Files\\Mozilla Firefox\\firefox.exe" "-marionette" "-foreground" "-no-remote" "-profile" "C:\\Users\\Ludo\\AppData\\Local\\Temp\\rust_mozprofileuJ5134"
JavaScript error: resource://gre/modules/XULStore.jsm, line 66: Error: Can't find profile directory.
1593615796757	Marionette	INFO	Listening on port 53110
1593615796827	Marionette	WARN	TLS certificate errors will be ignored for this session
1593615798578	Marionette	INFO	Stopped listening on port 53110
JavaScript error: resource://activity-stream/lib/ActivityStreamPrefs.jsm, line 27: NS_ERROR_ILLEGAL_VALUE: Component returned failure code: 0x80070057 (NS_ERROR_ILLEGAL_VALUE) [nsIPrefBranch.removeObserver]
JavaScript error: resource://services-settings/RemoteSettingsClient.jsm, line 115: Error: Unknown callback
1593615850512	mozrunner::runner	INFO	Running command: "C:\\Program Files\\Mozilla Firefox\\firefox.exe" "-marionette" "-foreground" "-no-remote" "-profile" "C:\\Users\\Ludo\\AppData\\Local\\Temp\\rust_mozprofileCbBB5I"
JavaScript error: resource://gre/modules/XULStore.jsm, line 66: Error: Can't find profile directory.
1593615853272	Marionette	INFO	Listening on port 53252
1593615853654	Marionette	WARN	TLS certificate errors will be ignored for this session
1593615856183	Marionette	INFO	Stopped listening on port 53252
JavaScript error: resource://gre/modules/UrlClassifierListManager.jsm, line 691: TypeError: this.tablesData[table] is undefined

###!!! [Child][MessageChannel::SendAndWait] Error: Channel error: cannot send/recv

